<?xml version="1.0" encoding="UTF-8"?>
<robot generator="Robot 6.1.1 (Python 3.9.18 on darwin)" generated="20231011 16:28:14.003" rpa="false" schemaversion="4">
<suite id="s1" name="Robot" source="/Users/earthzaza/Desktop/work/sdpx-exam/robot.robot">
<test id="s1-t1" name="number value is not prime 20" line="20">
<kw name="is prime">
<var>${response}</var>
<arg>${case1}</arg>
<arg>${path}</arg>
<kw name="GET" library="RequestsLibrary">
<var>${response}</var>
<arg>http://localhost:5050/${path}/${number}</arg>
<doc>Sends a GET request.</doc>
<msg timestamp="20231011 16:28:14.039" level="INFO">GET Request : url=http://localhost:5050/is_prime/20 
 path_url=/is_prime/20 
 headers={'User-Agent': 'python-requests/2.31.0', 'Accept-Encoding': 'gzip, deflate', 'Accept': '*/*', 'Connection': 'keep-alive'} 
 body=None 
 </msg>
<msg timestamp="20231011 16:28:14.039" level="INFO">GET Response : url=http://localhost:5050/is_prime/20 
 status=200, reason=OK 
 headers={'Server': 'Werkzeug/3.0.0 Python/3.9.18', 'Date': 'Wed, 11 Oct 2023 09:28:14 GMT', 'Content-Type': 'text/html; charset=utf-8', 'Content-Length': '5', 'Connection': 'close'} 
 body=False 
 </msg>
<msg timestamp="20231011 16:28:14.039" level="INFO">${response} = &lt;Response [200]&gt;</msg>
<status status="PASS" starttime="20231011 16:28:14.033" endtime="20231011 16:28:14.039"/>
</kw>
<kw name="Should Be Equal As Strings" library="BuiltIn">
<arg>${response.status_code}</arg>
<arg>200</arg>
<doc>Fails if objects are unequal after converting them to strings.</doc>
<msg timestamp="20231011 16:28:14.039" level="INFO">Argument types are:
&lt;class 'int'&gt;
&lt;class 'str'&gt;</msg>
<status status="PASS" starttime="20231011 16:28:14.039" endtime="20231011 16:28:14.039"/>
</kw>
<msg timestamp="20231011 16:28:14.039" level="INFO">${response} = False</msg>
<status status="PASS" starttime="20231011 16:28:14.033" endtime="20231011 16:28:14.039"/>
</kw>
<kw name="Should Be Equal As Strings" library="BuiltIn">
<arg>${response}</arg>
<arg>False</arg>
<doc>Fails if objects are unequal after converting them to strings.</doc>
<msg timestamp="20231011 16:28:14.039" level="INFO">Argument types are:
&lt;class 'bytes'&gt;
&lt;class 'str'&gt;</msg>
<status status="PASS" starttime="20231011 16:28:14.039" endtime="20231011 16:28:14.039"/>
</kw>
<status status="PASS" starttime="20231011 16:28:14.032" endtime="20231011 16:28:14.039"/>
</test>
<test id="s1-t2" name="number value is not prime 70" line="24">
<kw name="is prime">
<var>${response}</var>
<arg>${case2}</arg>
<arg>${path}</arg>
<kw name="GET" library="RequestsLibrary">
<var>${response}</var>
<arg>http://localhost:5050/${path}/${number}</arg>
<doc>Sends a GET request.</doc>
<msg timestamp="20231011 16:28:14.043" level="INFO">GET Request : url=http://localhost:5050/is_prime/70 
 path_url=/is_prime/70 
 headers={'User-Agent': 'python-requests/2.31.0', 'Accept-Encoding': 'gzip, deflate', 'Accept': '*/*', 'Connection': 'keep-alive'} 
 body=None 
 </msg>
<msg timestamp="20231011 16:28:14.043" level="INFO">GET Response : url=http://localhost:5050/is_prime/70 
 status=200, reason=OK 
 headers={'Server': 'Werkzeug/3.0.0 Python/3.9.18', 'Date': 'Wed, 11 Oct 2023 09:28:14 GMT', 'Content-Type': 'text/html; charset=utf-8', 'Content-Length': '5', 'Connection': 'close'} 
 body=False 
 </msg>
<msg timestamp="20231011 16:28:14.043" level="INFO">${response} = &lt;Response [200]&gt;</msg>
<status status="PASS" starttime="20231011 16:28:14.040" endtime="20231011 16:28:14.043"/>
</kw>
<kw name="Should Be Equal As Strings" library="BuiltIn">
<arg>${response.status_code}</arg>
<arg>200</arg>
<doc>Fails if objects are unequal after converting them to strings.</doc>
<msg timestamp="20231011 16:28:14.043" level="INFO">Argument types are:
&lt;class 'int'&gt;
&lt;class 'str'&gt;</msg>
<status status="PASS" starttime="20231011 16:28:14.043" endtime="20231011 16:28:14.043"/>
</kw>
<msg timestamp="20231011 16:28:14.043" level="INFO">${response} = False</msg>
<status status="PASS" starttime="20231011 16:28:14.040" endtime="20231011 16:28:14.043"/>
</kw>
<kw name="Should Be Equal As Strings" library="BuiltIn">
<arg>${response}</arg>
<arg>False</arg>
<doc>Fails if objects are unequal after converting them to strings.</doc>
<msg timestamp="20231011 16:28:14.043" level="INFO">Argument types are:
&lt;class 'bytes'&gt;
&lt;class 'str'&gt;</msg>
<status status="PASS" starttime="20231011 16:28:14.043" endtime="20231011 16:28:14.043"/>
</kw>
<status status="PASS" starttime="20231011 16:28:14.040" endtime="20231011 16:28:14.043"/>
</test>
<test id="s1-t3" name="number value is prime 13219" line="27">
<kw name="is prime">
<var>${response}</var>
<arg>${case3}</arg>
<arg>${path}</arg>
<kw name="GET" library="RequestsLibrary">
<var>${response}</var>
<arg>http://localhost:5050/${path}/${number}</arg>
<doc>Sends a GET request.</doc>
<msg timestamp="20231011 16:28:14.047" level="INFO">GET Request : url=http://localhost:5050/is_prime/13219 
 path_url=/is_prime/13219 
 headers={'User-Agent': 'python-requests/2.31.0', 'Accept-Encoding': 'gzip, deflate', 'Accept': '*/*', 'Connection': 'keep-alive'} 
 body=None 
 </msg>
<msg timestamp="20231011 16:28:14.047" level="INFO">GET Response : url=http://localhost:5050/is_prime/13219 
 status=200, reason=OK 
 headers={'Server': 'Werkzeug/3.0.0 Python/3.9.18', 'Date': 'Wed, 11 Oct 2023 09:28:14 GMT', 'Content-Type': 'text/html; charset=utf-8', 'Content-Length': '4', 'Connection': 'close'} 
 body=True 
 </msg>
<msg timestamp="20231011 16:28:14.047" level="INFO">${response} = &lt;Response [200]&gt;</msg>
<status status="PASS" starttime="20231011 16:28:14.044" endtime="20231011 16:28:14.047"/>
</kw>
<kw name="Should Be Equal As Strings" library="BuiltIn">
<arg>${response.status_code}</arg>
<arg>200</arg>
<doc>Fails if objects are unequal after converting them to strings.</doc>
<msg timestamp="20231011 16:28:14.047" level="INFO">Argument types are:
&lt;class 'int'&gt;
&lt;class 'str'&gt;</msg>
<status status="PASS" starttime="20231011 16:28:14.047" endtime="20231011 16:28:14.047"/>
</kw>
<msg timestamp="20231011 16:28:14.047" level="INFO">${response} = True</msg>
<status status="PASS" starttime="20231011 16:28:14.044" endtime="20231011 16:28:14.047"/>
</kw>
<kw name="Should Be Equal As Strings" library="BuiltIn">
<arg>${response}</arg>
<arg>True</arg>
<doc>Fails if objects are unequal after converting them to strings.</doc>
<msg timestamp="20231011 16:28:14.048" level="INFO">Argument types are:
&lt;class 'bytes'&gt;
&lt;class 'str'&gt;</msg>
<status status="PASS" starttime="20231011 16:28:14.048" endtime="20231011 16:28:14.048"/>
</kw>
<status status="PASS" starttime="20231011 16:28:14.044" endtime="20231011 16:28:14.048"/>
</test>
<status status="PASS" starttime="20231011 16:28:14.003" endtime="20231011 16:28:14.048"/>
</suite>
<statistics>
<total>
<stat pass="3" fail="0" skip="0">All Tests</stat>
</total>
<tag>
</tag>
<suite>
<stat pass="3" fail="0" skip="0" id="s1" name="Robot">Robot</stat>
</suite>
</statistics>
<errors>
</errors>
</robot>
